TN:
SF:C:\Source\rust\const_sized_bit_set\benches\criterion_benchmark.rs
FNF:0
DA:30,0
DA:31,0
DA:32,0
DA:33,0
DA:35,0
LF:5
LH:0
end_of_record
TN:
SF:C:\Source\rust\const_sized_bit_set\benches\iai_benchmark.rs
FNF:0
DA:6,0
DA:7,0
DA:8,0
DA:9,0
DA:11,0
LF:5
LH:0
end_of_record
TN:
SF:C:\Source\rust\const_sized_bit_set\src\lib.rs
FNF:0
DA:17,55
DA:18,55
DA:31,51
DA:32,51
DA:33,8883
DA:34,12225
DA:35,3393
DA:39,51
DA:43,4
DA:44,4
DA:45,394
DA:46,130
DA:48,4
DA:53,2
DA:54,2
DA:58,2
DA:59,2
DA:64,36
DA:65,36
DA:66,94
DA:67,72
DA:68,14
DA:70,58
DA:72,22
DA:77,6
DA:78,6
DA:84,3920
DA:85,3920
DA:86,3920
DA:88,7450
DA:90,3530
DA:92,390
DA:100,9
DA:101,9
DA:102,9
DA:104,18
DA:106,5
DA:108,4
DA:111,0
DA:112,0
DA:114,0
DA:119,330
DA:120,330
DA:121,330
DA:123,330
DA:124,10
DA:126,320
DA:128,320
DA:133,26
DA:134,26
DA:135,26
DA:136,156
DA:137,65
DA:138,65
DA:141,26
DA:146,30
DA:147,30
DA:148,30
DA:149,180
DA:150,75
DA:151,75
DA:152,75
DA:155,30
DA:160,2
DA:161,2
DA:162,2
DA:163,12
DA:164,5
DA:165,5
DA:166,5
DA:169,2
DA:174,28
DA:175,28
DA:180,14
DA:181,14
DA:187,2
DA:188,2
DA:189,2
DA:190,12
DA:191,5
DA:192,5
DA:193,5
DA:196,2
DA:201,2
DA:202,2
DA:203,2
DA:204,12
DA:205,5
DA:206,5
DA:209,2
DA:215,194
DA:216,194
DA:217,431
DA:218,429
DA:219,429
DA:220,192
DA:222,237
DA:224,2
DA:230,196
DA:231,196
DA:233,862
DA:234,0
DA:236,194
DA:237,194
DA:240,2
DA:247,748
DA:248,748
DA:249,1660
DA:250,1650
DA:251,1650
DA:252,738
DA:253,738
DA:255,738
DA:257,912
DA:259,10
DA:265,261
DA:266,261
DA:268,1154
DA:269,0
DA:271,257
DA:272,257
DA:273,257
DA:274,257
DA:277,4
DA:287,17
DA:306,554
DA:307,554
DA:311,14
DA:312,14
DA:313,14
DA:317,20
DA:321,20
DA:325,2
DA:329,2
DA:333,1
DA:338,1
DA:342,1
DA:347,1
DA:350,3
DA:351,3
DA:352,3
DA:353,8
DA:354,17
DA:355,5
DA:356,5
DA:357,5
DA:360,3
DA:361,3
DA:362,3
DA:363,2
DA:364,1
DA:366,2
DA:367,2
DA:372,1
DA:375,1
DA:380,1
DA:381,1
DA:382,42
DA:383,41
DA:384,78
DA:385,37
DA:386,37
DA:388,37
DA:390,4
DA:391,4
DA:395,1
DA:406,67
DA:407,67
DA:410,3
DA:411,3
DA:412,3
DA:413,15
DA:414,0
DA:416,10
DA:417,5
DA:418,5
DA:421,4
DA:422,4
DA:423,4
DA:424,4
DA:425,2
DA:427,2
DA:428,2
DA:433,1
DA:436,1
DA:441,1
DA:442,1
DA:444,9
DA:445,0
DA:447,37
DA:448,41
DA:450,37
DA:451,37
DA:453,37
DA:456,1
LF:195
LH:188
end_of_record
