TN:
SF:C:\Source\rust\const_sized_bit_set\benches\criterion_benchmark.rs
FNF:0
DA:7,0
DA:8,0
DA:26,0
DA:27,0
DA:28,0
DA:29,0
DA:31,0
DA:49,0
DA:50,0
DA:51,0
DA:52,0
DA:54,0
DA:73,0
DA:74,0
DA:92,0
DA:93,0
LF:16
LH:0
end_of_record
TN:
SF:C:\Source\rust\const_sized_bit_set\benches\iai_benchmark.rs
FNF:0
DA:6,0
DA:7,0
DA:8,0
DA:9,0
DA:11,0
LF:5
LH:0
end_of_record
TN:
SF:C:\Source\rust\const_sized_bit_set\src\lib.rs
FNF:0
DA:25,1
DA:26,1
DA:27,1
DA:28,6
DA:29,9
DA:30,4
DA:31,4
DA:33,1
DA:35,5
DA:38,1
DA:39,1
DA:44,60
DA:45,60
DA:60,53
DA:61,53
DA:62,16698
DA:63,3624
DA:66,53
DA:87,2
DA:88,2
DA:92,2
DA:93,2
DA:98,68
DA:99,68
DA:100,158
DA:101,104
DA:102,14
DA:104,90
DA:106,54
DA:111,6
DA:112,6
DA:119,477
DA:120,477
DA:121,477
DA:123,564
DA:124,87
DA:126,390
DA:136,3714
DA:137,3714
DA:138,3714
DA:139,3714
DA:140,3714
DA:142,3714
DA:143,3714
DA:151,392
DA:152,392
DA:153,392
DA:154,392
DA:155,392
DA:157,392
DA:158,392
DA:166,9
DA:167,9
DA:168,5
DA:170,4
DA:177,261
DA:178,261
DA:179,261
DA:181,261
DA:182,261
DA:184,261
DA:190,4
DA:191,4
DA:192,4
DA:194,4
DA:195,4
DA:197,4
DA:203,330
DA:204,330
DA:205,330
DA:207,330
DA:208,10
DA:210,320
DA:212,320
DA:217,104
DA:218,104
DA:219,104
DA:220,402
DA:221,149
DA:222,149
DA:225,104
DA:230,62
DA:231,62
DA:232,62
DA:233,276
DA:234,107
DA:235,107
DA:236,107
DA:239,62
DA:244,2
DA:245,2
DA:246,2
DA:247,12
DA:248,5
DA:249,5
DA:250,5
DA:253,2
DA:258,60
DA:259,60
DA:264,14
DA:265,14
DA:271,2
DA:272,2
DA:273,2
DA:274,12
DA:275,5
DA:276,5
DA:277,5
DA:280,2
DA:285,2
DA:286,2
DA:287,2
DA:288,12
DA:289,5
DA:290,5
DA:293,2
DA:300,194
DA:301,194
DA:302,431
DA:303,429
DA:304,429
DA:305,192
DA:307,237
DA:309,2
DA:316,196
DA:317,196
DA:319,0
DA:320,624
DA:321,194
DA:322,194
DA:324,468
DA:325,234
DA:327,2
DA:336,883
DA:337,883
DA:338,1992
DA:339,1980
DA:340,1980
DA:341,871
DA:342,871
DA:344,871
DA:346,1109
DA:348,12
DA:354,390
DA:355,390
DA:357,0
DA:358,1090
DA:359,386
DA:360,386
DA:361,386
DA:363,628
DA:364,314
DA:366,4
DA:371,32
DA:372,32
DA:375,32
DA:376,32
DA:377,32
DA:378,32
DA:379,31
DA:380,0
DA:381,1
DA:385,31
DA:386,31
DA:387,0
DA:388,0
DA:392,0
DA:394,258
DA:396,0
DA:397,49
DA:398,49
DA:400,0
DA:401,80
DA:402,80
DA:403,49
DA:404,31
DA:408,98
DA:409,98
DA:410,0
DA:414,0
DA:417,6
DA:427,6
DA:428,6
DA:430,6
DA:431,44
DA:436,1
DA:437,66
DA:443,7
DA:444,7
DA:445,206
DA:455,19
DA:473,689
DA:474,689
DA:478,15
DA:479,15
DA:480,15
DA:484,21
DA:488,21
DA:492,2
DA:496,2
DA:500,1
DA:505,1
DA:509,1
DA:514,1
DA:518,3
DA:519,3
DA:520,3
DA:521,8
DA:522,17
DA:523,5
DA:524,5
DA:525,5
DA:528,3
DA:529,3
DA:530,3
DA:531,2
DA:532,1
DA:534,2
DA:535,2
DA:540,1
DA:544,1
DA:549,1
DA:550,1
DA:551,41
DA:552,41
DA:553,78
DA:554,37
DA:555,37
DA:557,37
DA:559,4
DA:560,4
DA:561,1
DA:575,67
DA:576,67
DA:579,3
DA:580,3
DA:581,3
DA:582,15
DA:583,0
DA:585,10
DA:586,5
DA:587,5
DA:590,4
DA:591,4
DA:592,4
DA:593,4
DA:594,2
DA:596,2
DA:597,2
DA:602,1
DA:605,1
DA:610,1
DA:611,1
DA:613,0
DA:614,115
DA:615,37
DA:616,37
DA:618,37
DA:619,47
DA:620,3
DA:622,1
LF:261
LH:249
end_of_record
TN:
SF:C:\Source\rust\const_sized_bit_set\src\n_choose_k.rs
FNF:0
DA:8,164
DA:9,164
DA:10,534
DA:11,185
DA:12,185
DA:15,164
DA:20,132
DA:23,132
DA:24,264
DA:35,149
DA:37,298
DA:38,149
DA:39,149
DA:40,149
DA:41,149
DA:42,149
DA:43,149
DA:49,72
DA:50,72
DA:54,0
DA:55,0
DA:58,0
DA:59,0
DA:62,161
DA:63,161
LF:25
LH:21
end_of_record
